<?xml version="1.0" encoding="UTF-8"?>
<!-- Generated by org.testng.reporters.JUnitReportReporter -->
<testsuite hostname="DESKTOP-CTTRDC3" failures="0" tests="4" name="MyTests.Class21.GoogleTest" time="2.079" errors="0" timestamp="2022-11-06T22:36:37 GMT" skipped="0">
  <testcase classname="MyTests.Class21.GoogleTest" name="cookiesPrompt" time="2.019"/>
  <system-out/>
  <testcase classname="MyTests.Class21.GoogleTest" name="googleSearchBtnTest" time="0.030"/>
  <system-out/>
  <testcase classname="MyTests.Class21.GoogleTest" name="searchTest" time="0.024"/>
  <system-out/>
  <testcase classname="MyTests.Class21.GoogleTest" name="urlTest" time="0.006"/>
  <system-out/>
</testsuite> <!-- MyTests.Class21.GoogleTest -->
