<?xml version="1.0" encoding="UTF-8"?>
<!-- Generated by org.testng.reporters.JUnitReportReporter -->
<testsuite hostname="DESKTOP-CTTRDC3" failures="0" tests="2" name="MyTests.Class21.OrangeHRMTest" time="27.138" errors="0" timestamp="2022-11-06T22:36:37 GMT" skipped="0">
  <testcase classname="MyTests.Class21.OrangeHRMTest" name="urlTest" time="0.008"/>
  <system-out/>
  <testcase classname="MyTests.Class21.OrangeHRMTest" name="contactSalesTest" time="27.130"/>
  <system-out/>
</testsuite> <!-- MyTests.Class21.OrangeHRMTest -->
