<?xml version="1.0" encoding="UTF-8"?>
<!-- Generated by org.testng.reporters.JUnitReportReporter -->
<testsuite hostname="DESKTOP-CTTRDC3" failures="0" tests="2" name="MyTests.Class21.OpenCartTest" time="1.573" errors="0" timestamp="2022-11-06T22:36:37 GMT" skipped="0">
  <testcase classname="MyTests.Class21.OpenCartTest" name="registerLinkTest" time="1.567"/>
  <system-out/>
  <testcase classname="MyTests.Class21.OpenCartTest" name="urlTest" time="0.006"/>
  <system-out/>
</testsuite> <!-- MyTests.Class21.OpenCartTest -->
